Determining if the pthread_create exist failed with the following output:
Change Dir: /home/andrea/thesis_ws/build/orocos_kinematics_dynamics/CMakeFiles/CMakeTmp

Run Build Command:"/usr/bin/make" "cmTC_461c4/fast"
/usr/bin/make -f CMakeFiles/cmTC_461c4.dir/build.make CMakeFiles/cmTC_461c4.dir/build
make[1]: ingresso nella directory "/home/andrea/thesis_ws/build/orocos_kinematics_dynamics/CMakeFiles/CMakeTmp"
Building C object CMakeFiles/cmTC_461c4.dir/CheckSymbolExists.c.o
/usr/bin/cc     -o CMakeFiles/cmTC_461c4.dir/CheckSymbolExists.c.o   -c /home/andrea/thesis_ws/build/orocos_kinematics_dynamics/CMakeFiles/CMakeTmp/CheckSymbolExists.c
Linking C executable cmTC_461c4
/usr/bin/cmake -E cmake_link_script CMakeFiles/cmTC_461c4.dir/link.txt --verbose=1
/usr/bin/cc       CMakeFiles/cmTC_461c4.dir/CheckSymbolExists.c.o  -o cmTC_461c4 -rdynamic 
CMakeFiles/cmTC_461c4.dir/CheckSymbolExists.c.o: nella funzione "main":
CheckSymbolExists.c:(.text+0x16): riferimento non definito a "pthread_create"
collect2: error: ld returned 1 exit status
CMakeFiles/cmTC_461c4.dir/build.make:97: set di istruzioni per l'obiettivo "cmTC_461c4" non riuscito
make[1]: *** [cmTC_461c4] Errore 1
make[1]: uscita dalla directory "/home/andrea/thesis_ws/build/orocos_kinematics_dynamics/CMakeFiles/CMakeTmp"
Makefile:126: set di istruzioni per l'obiettivo "cmTC_461c4/fast" non riuscito
make: *** [cmTC_461c4/fast] Errore 2

File /home/andrea/thesis_ws/build/orocos_kinematics_dynamics/CMakeFiles/CMakeTmp/CheckSymbolExists.c:
/* */
#include <pthread.h>

int main(int argc, char** argv)
{
  (void)argv;
#ifndef pthread_create
  return ((int*)(&pthread_create))[argc];
#else
  (void)argc;
  return 0;
#endif
}

Determining if the function pthread_create exists in the pthreads failed with the following output:
Change Dir: /home/andrea/thesis_ws/build/orocos_kinematics_dynamics/CMakeFiles/CMakeTmp

Run Build Command:"/usr/bin/make" "cmTC_070a9/fast"
/usr/bin/make -f CMakeFiles/cmTC_070a9.dir/build.make CMakeFiles/cmTC_070a9.dir/build
make[1]: ingresso nella directory "/home/andrea/thesis_ws/build/orocos_kinematics_dynamics/CMakeFiles/CMakeTmp"
Building C object CMakeFiles/cmTC_070a9.dir/CheckFunctionExists.c.o
/usr/bin/cc    -DCHECK_FUNCTION_EXISTS=pthread_create   -o CMakeFiles/cmTC_070a9.dir/CheckFunctionExists.c.o   -c /usr/share/cmake-3.5/Modules/CheckFunctionExists.c
Linking C executable cmTC_070a9
/usr/bin/cmake -E cmake_link_script CMakeFiles/cmTC_070a9.dir/link.txt --verbose=1
/usr/bin/cc   -DCHECK_FUNCTION_EXISTS=pthread_create    CMakeFiles/cmTC_070a9.dir/CheckFunctionExists.c.o  -o cmTC_070a9 -rdynamic -lpthreads 
/usr/bin/ld: impossibile trovare -lpthreads
collect2: error: ld returned 1 exit status
CMakeFiles/cmTC_070a9.dir/build.make:97: set di istruzioni per l'obiettivo "cmTC_070a9" non riuscito
make[1]: *** [cmTC_070a9] Errore 1
make[1]: uscita dalla directory "/home/andrea/thesis_ws/build/orocos_kinematics_dynamics/CMakeFiles/CMakeTmp"
Makefile:126: set di istruzioni per l'obiettivo "cmTC_070a9/fast" non riuscito
make: *** [cmTC_070a9/fast] Errore 2


