Determining if the pthread_create exist failed with the following output:
Change Dir: /home/andrea/thesis_ws/build/python_orocos_kdl/CMakeFiles/CMakeTmp

Run Build Command:"/usr/bin/make" "cmTC_6895c/fast"
/usr/bin/make -f CMakeFiles/cmTC_6895c.dir/build.make CMakeFiles/cmTC_6895c.dir/build
make[1]: ingresso nella directory "/home/andrea/thesis_ws/build/python_orocos_kdl/CMakeFiles/CMakeTmp"
Building C object CMakeFiles/cmTC_6895c.dir/CheckSymbolExists.c.o
/usr/bin/cc     -o CMakeFiles/cmTC_6895c.dir/CheckSymbolExists.c.o   -c /home/andrea/thesis_ws/build/python_orocos_kdl/CMakeFiles/CMakeTmp/CheckSymbolExists.c
Linking C executable cmTC_6895c
/usr/bin/cmake -E cmake_link_script CMakeFiles/cmTC_6895c.dir/link.txt --verbose=1
/usr/bin/cc       CMakeFiles/cmTC_6895c.dir/CheckSymbolExists.c.o  -o cmTC_6895c -rdynamic 
CMakeFiles/cmTC_6895c.dir/CheckSymbolExists.c.o: nella funzione "main":
CheckSymbolExists.c:(.text+0x16): riferimento non definito a "pthread_create"
collect2: error: ld returned 1 exit status
CMakeFiles/cmTC_6895c.dir/build.make:97: set di istruzioni per l'obiettivo "cmTC_6895c" non riuscito
make[1]: *** [cmTC_6895c] Errore 1
make[1]: uscita dalla directory "/home/andrea/thesis_ws/build/python_orocos_kdl/CMakeFiles/CMakeTmp"
Makefile:126: set di istruzioni per l'obiettivo "cmTC_6895c/fast" non riuscito
make: *** [cmTC_6895c/fast] Errore 2

File /home/andrea/thesis_ws/build/python_orocos_kdl/CMakeFiles/CMakeTmp/CheckSymbolExists.c:
/* */
#include <pthread.h>

int main(int argc, char** argv)
{
  (void)argv;
#ifndef pthread_create
  return ((int*)(&pthread_create))[argc];
#else
  (void)argc;
  return 0;
#endif
}

Determining if the function pthread_create exists in the pthreads failed with the following output:
Change Dir: /home/andrea/thesis_ws/build/python_orocos_kdl/CMakeFiles/CMakeTmp

Run Build Command:"/usr/bin/make" "cmTC_2fe1f/fast"
/usr/bin/make -f CMakeFiles/cmTC_2fe1f.dir/build.make CMakeFiles/cmTC_2fe1f.dir/build
make[1]: ingresso nella directory "/home/andrea/thesis_ws/build/python_orocos_kdl/CMakeFiles/CMakeTmp"
Building C object CMakeFiles/cmTC_2fe1f.dir/CheckFunctionExists.c.o
/usr/bin/cc    -DCHECK_FUNCTION_EXISTS=pthread_create   -o CMakeFiles/cmTC_2fe1f.dir/CheckFunctionExists.c.o   -c /usr/share/cmake-3.5/Modules/CheckFunctionExists.c
Linking C executable cmTC_2fe1f
/usr/bin/cmake -E cmake_link_script CMakeFiles/cmTC_2fe1f.dir/link.txt --verbose=1
/usr/bin/cc   -DCHECK_FUNCTION_EXISTS=pthread_create    CMakeFiles/cmTC_2fe1f.dir/CheckFunctionExists.c.o  -o cmTC_2fe1f -rdynamic -lpthreads 
/usr/bin/ld: impossibile trovare -lpthreads
collect2: error: ld returned 1 exit status
CMakeFiles/cmTC_2fe1f.dir/build.make:97: set di istruzioni per l'obiettivo "cmTC_2fe1f" non riuscito
make[1]: *** [cmTC_2fe1f] Errore 1
make[1]: uscita dalla directory "/home/andrea/thesis_ws/build/python_orocos_kdl/CMakeFiles/CMakeTmp"
Makefile:126: set di istruzioni per l'obiettivo "cmTC_2fe1f/fast" non riuscito
make: *** [cmTC_2fe1f/fast] Errore 2


